# JRE version: OpenJDK Runtime Environment (8.0_152-b06) (build 1.8.0_152-release-1136-b06)
# Java VM: OpenJDK 64-Bit Server VM (25.152-b06 mixed mode windows-amd64 compressed oops)
Heap:
 PSYoungGen      total 232960K, used 95472K [0x00000000e0000000, 0x00000000ef100000, 0x0000000100000000)
  eden space 219136K, 37% used [0x00000000e0000000,0x00000000e4fbfbc8,0x00000000ed600000)
  from space 13824K, 99% used [0x00000000ed600000,0x00000000ee37c728,0x00000000ee380000)
  to   space 13312K, 0% used [0x00000000ee400000,0x00000000ee400000,0x00000000ef100000)
 ParOldGen       total 97792K, used 25662K [0x00000000a0000000, 0x00000000a5f80000, 0x00000000e0000000)
  object space 97792K, 26% used [0x00000000a0000000,0x00000000a190fbc0,0x00000000a5f80000)
 Metaspace       used 55817K, capacity 57378K, committed 57472K, reserved 1099776K
  class space    used 7625K, capacity 8042K, committed 8064K, reserved 1048576K
GC Heap History (10 events):
Event: 2.730 GC heap before
{Heap before GC invocations=5 (full 1):
 PSYoungGen      total 138240K, used 5088K [0x00000000e0000000, 0x00000000e8c00000, 0x0000000100000000)
  eden space 133120K, 0% used [0x00000000e0000000,0x00000000e0000000,0x00000000e8200000)
  from space 5120K, 99% used [0x00000000e8700000,0x00000000e8bf8040,0x00000000e8c00000)
  to   space 5120K, 0% used [0x00000000e8200000,0x00000000e8200000,0x00000000e8700000)
 ParOldGen       total 87552K, used 8795K [0x00000000a0000000, 0x00000000a5580000, 0x00000000e0000000)
  object space 87552K, 10% used [0x00000000a0000000,0x00000000a0896d30,0x00000000a5580000)
 Metaspace       used 20840K, capacity 21244K, committed 21248K, reserved 1067008K
  class space    used 2925K, capacity 3072K, committed 3072K, reserved 1048576K
Event: 2.758 GC heap after
Heap after GC invocations=5 (full 1):
 PSYoungGen      total 138240K, used 0K [0x00000000e0000000, 0x00000000e8c00000, 0x0000000100000000)
  eden space 133120K, 0% used [0x00000000e0000000,0x00000000e0000000,0x00000000e8200000)
  from space 5120K, 0% used [0x00000000e8700000,0x00000000e8700000,0x00000000e8c00000)
  to   space 5120K, 0% used [0x00000000e8200000,0x00000000e8200000,0x00000000e8700000)
 ParOldGen       total 59904K, used 8269K [0x00000000a0000000, 0x00000000a3a80000, 0x00000000e0000000)
  object space 59904K, 13% used [0x00000000a0000000,0x00000000a0813608,0x00000000a3a80000)
 Metaspace       used 20840K, capacity 21244K, committed 21248K, reserved 1067008K
  class space    used 2925K, capacity 3072K, committed 3072K, reserved 1048576K
}
Event: 4.249 GC heap before
{Heap before GC invocations=6 (full 1):
 PSYoungGen      total 138240K, used 133120K [0x00000000e0000000, 0x00000000e8c00000, 0x0000000100000000)
  eden space 133120K, 100% used [0x00000000e0000000,0x00000000e8200000,0x00000000e8200000)
  from space 5120K, 0% used [0x00000000e8700000,0x00000000e8700000,0x00000000e8c00000)
  to   space 5120K, 0% used [0x00000000e8200000,0x00000000e8200000,0x00000000e8700000)
 ParOldGen       total 59904K, used 8269K [0x00000000a0000000, 0x00000000a3a80000, 0x00000000e0000000)
  object space 59904K, 13% used [0x00000000a0000000,0x00000000a0813608,0x00000000a3a80000)
 Metaspace       used 29823K, capacity 30206K, committed 30464K, reserved 1075200K
  class space    used 4168K, capacity 4321K, committed 4352K, reserved 1048576K
Event: 4.280 GC heap after
Heap after GC invocations=6 (full 1):
 PSYoungGen      total 138240K, used 5088K [0x00000000e0000000, 0x00000000ef200000, 0x0000000100000000)
  eden space 133120K, 0% used [0x00000000e0000000,0x00000000e0000000,0x00000000e8200000)
  from space 5120K, 99% used [0x00000000e8200000,0x00000000e86f8020,0x00000000e8700000)
  to   space 14336K, 0% used [0x00000000ee400000,0x00000000ee400000,0x00000000ef200000)
 ParOldGen       total 59904K, used 15664K [0x00000000a0000000, 0x00000000a3a80000, 0x00000000e0000000)
  object space 59904K, 26% used [0x00000000a0000000,0x00000000a0f4c208,0x00000000a3a80000)
 Metaspace       used 29823K, capacity 30206K, committed 30464K, reserved 1075200K
  class space    used 4168K, capacity 4321K, committed 4352K, reserved 1048576K
}
Event: 4.697 GC heap before
{Heap before GC invocations=7 (full 1):
 PSYoungGen      total 138240K, used 36256K [0x00000000e0000000, 0x00000000ef200000, 0x0000000100000000)
  eden space 133120K, 23% used [0x00000000e0000000,0x00000000e1e702e8,0x00000000e8200000)
  from space 5120K, 99% used [0x00000000e8200000,0x00000000e86f8020,0x00000000e8700000)
  to   space 14336K, 0% used [0x00000000ee400000,0x00000000ee400000,0x00000000ef200000)
 ParOldGen       total 59904K, used 15664K [0x00000000a0000000, 0x00000000a3a80000, 0x00000000e0000000)
  object space 59904K, 26% used [0x00000000a0000000,0x00000000a0f4c208,0x00000000a3a80000)
 Metaspace       used 34735K, capacity 35308K, committed 35416K, reserved 1079296K
  class space    used 4810K, capacity 5026K, committed 5120K, reserved 1048576K
Event: 4.705 GC heap after
Heap after GC invocations=7 (full 1):
 PSYoungGen      total 232448K, used 9229K [0x00000000e0000000, 0x00000000ef100000, 0x0000000100000000)
  eden space 219136K, 0% used [0x00000000e0000000,0x00000000e0000000,0x00000000ed600000)
  from space 13312K, 69% used [0x00000000ee400000,0x00000000eed03638,0x00000000ef100000)
  to   space 13824K, 0% used [0x00000000ed600000,0x00000000ed600000,0x00000000ee380000)
 ParOldGen       total 59904K, used 15672K [0x00000000a0000000, 0x00000000a3a80000, 0x00000000e0000000)
  object space 59904K, 26% used [0x00000000a0000000,0x00000000a0f4e208,0x00000000a3a80000)
 Metaspace       used 34735K, capacity 35308K, committed 35416K, reserved 1079296K
  class space    used 4810K, capacity 5026K, committed 5120K, reserved 1048576K
}
Event: 4.705 GC heap before
{Heap before GC invocations=8 (full 2):
 PSYoungGen      total 232448K, used 9229K [0x00000000e0000000, 0x00000000ef100000, 0x0000000100000000)
  eden space 219136K, 0% used [0x00000000e0000000,0x00000000e0000000,0x00000000ed600000)
  from space 13312K, 69% used [0x00000000ee400000,0x00000000eed03638,0x00000000ef100000)
  to   space 13824K, 0% used [0x00000000ed600000,0x00000000ed600000,0x00000000ee380000)
 ParOldGen       total 59904K, used 15672K [0x00000000a0000000, 0x00000000a3a80000, 0x00000000e0000000)
  object space 59904K, 26% used [0x00000000a0000000,0x00000000a0f4e208,0x00000000a3a80000)
 Metaspace       used 34735K, capacity 35308K, committed 35416K, reserved 1079296K
  class space    used 4810K, capacity 5026K, committed 5120K, reserved 1048576K
Event: 4.799 GC heap after
Heap after GC invocations=8 (full 2):
 PSYoungGen      total 232448K, used 0K [0x00000000e0000000, 0x00000000ef100000, 0x0000000100000000)
  eden space 219136K, 0% used [0x00000000e0000000,0x00000000e0000000,0x00000000ed600000)
  from space 13312K, 0% used [0x00000000ee400000,0x00000000ee400000,0x00000000ef100000)
  to   space 13824K, 0% used [0x00000000ed600000,0x00000000ed600000,0x00000000ee380000)
 ParOldGen       total 97792K, used 15950K [0x00000000a0000000, 0x00000000a5f80000, 0x00000000e0000000)
  object space 97792K, 16% used [0x00000000a0000000,0x00000000a0f93998,0x00000000a5f80000)
 Metaspace       used 34735K, capacity 35308K, committed 35416K, reserved 1079296K
  class space    used 4810K, capacity 5026K, committed 5120K, reserved 1048576K
}
Event: 7.077 GC heap before
{Heap before GC invocations=9 (full 2):
 PSYoungGen      total 232448K, used 219136K [0x00000000e0000000, 0x00000000ef100000, 0x0000000100000000)
  eden space 219136K, 100% used [0x00000000e0000000,0x00000000ed600000,0x00000000ed600000)
  from space 13312K, 0% used [0x00000000ee400000,0x00000000ee400000,0x00000000ef100000)
  to   space 13824K, 0% used [0x00000000ed600000,0x00000000ed600000,0x00000000ee380000)
 ParOldGen       total 97792K, used 15950K [0x00000000a0000000, 0x00000000a5f80000, 0x00000000e0000000)
  object space 97792K, 16% used [0x00000000a0000000,0x00000000a0f93998,0x00000000a5f80000)
 Metaspace       used 52154K, capacity 53520K, committed 53632K, reserved 1095680K
  class space    used 7095K, capacity 7491K, committed 7552K, reserved 1048576K
Event: 7.109 GC heap after
Heap after GC invocations=9 (full 2):
 PSYoungGen      total 232960K, used 13809K [0x00000000e0000000, 0x00000000ef100000, 0x0000000100000000)
  eden space 219136K, 0% used [0x00000000e0000000,0x00000000e0000000,0x00000000ed600000)
  from space 13824K, 99% used [0x00000000ed600000,0x00000000ee37c728,0x00000000ee380000)
  to   space 13312K, 0% used [0x00000000ee400000,0x00000000ee400000,0x00000000ef100000)
 ParOldGen       total 97792K, used 25662K [0x00000000a0000000, 0x00000000a5f80000, 0x00000000e0000000)
  object space 97792K, 26% used [0x00000000a0000000,0x00000000a190fbc0,0x00000000a5f80000)
 Metaspace       used 52154K, capacity 53520K, committed 53632K, reserved 1095680K
  class space    used 7095K, capacity 7491K, committed 7552K, reserved 1048576K
}

