# JRE version: OpenJDK Runtime Environment (8.0_152-b02) (build 1.8.0_152-release-1024-b02)
# Java VM: OpenJDK 64-Bit Server VM (25.152-b02 mixed mode windows-amd64 compressed oops)
Heap:
 PSYoungGen      total 355328K, used 163583K [0x00000000e0000000, 0x00000000f6c00000, 0x0000000100000000)
  eden space 337920K, 43% used [0x00000000e0000000,0x00000000e8ec1b70,0x00000000f4a00000)
  from space 17408K, 99% used [0x00000000f4a00000,0x00000000f5afe2a8,0x00000000f5b00000)
  to   space 10752K, 0% used [0x00000000f6180000,0x00000000f6180000,0x00000000f6c00000)
 ParOldGen       total 122368K, used 55288K [0x00000000a0000000, 0x00000000a7780000, 0x00000000e0000000)
  object space 122368K, 45% used [0x00000000a0000000,0x00000000a35fe288,0x00000000a7780000)
 Metaspace       used 73976K, capacity 77778K, committed 78080K, reserved 1116160K
  class space    used 9682K, capacity 10404K, committed 10496K, reserved 1048576K
GC Heap History (10 events):
Event: 338.662 GC heap before
{Heap before GC invocations=14 (full 3):
 PSYoungGen      total 265728K, used 246272K [0x00000000e0000000, 0x00000000f1880000, 0x0000000100000000)
  eden space 246272K, 100% used [0x00000000e0000000,0x00000000ef080000,0x00000000ef080000)
  from space 19456K, 0% used [0x00000000f0580000,0x00000000f0580000,0x00000000f1880000)
  to   space 20480K, 0% used [0x00000000ef080000,0x00000000ef080000,0x00000000f0480000)
 ParOldGen       total 122368K, used 34664K [0x00000000a0000000, 0x00000000a7780000, 0x00000000e0000000)
  object space 122368K, 28% used [0x00000000a0000000,0x00000000a21da158,0x00000000a7780000)
 Metaspace       used 61757K, capacity 63980K, committed 64000K, reserved 1103872K
  class space    used 8227K, capacity 8691K, committed 8704K, reserved 1048576K
Event: 338.672 GC heap after
Heap after GC invocations=14 (full 3):
 PSYoungGen      total 266752K, used 9986K [0x00000000e0000000, 0x00000000f4e80000, 0x0000000100000000)
  eden space 246272K, 0% used [0x00000000e0000000,0x00000000e0000000,0x00000000ef080000)
  from space 20480K, 48% used [0x00000000ef080000,0x00000000efa409d8,0x00000000f0480000)
  to   space 19456K, 0% used [0x00000000f3b80000,0x00000000f3b80000,0x00000000f4e80000)
 ParOldGen       total 122368K, used 34672K [0x00000000a0000000, 0x00000000a7780000, 0x00000000e0000000)
  object space 122368K, 28% used [0x00000000a0000000,0x00000000a21dc158,0x00000000a7780000)
 Metaspace       used 61757K, capacity 63980K, committed 64000K, reserved 1103872K
  class space    used 8227K, capacity 8691K, committed 8704K, reserved 1048576K
}
Event: 342.263 GC heap before
{Heap before GC invocations=15 (full 3):
 PSYoungGen      total 266752K, used 255433K [0x00000000e0000000, 0x00000000f4e80000, 0x0000000100000000)
  eden space 246272K, 99% used [0x00000000e0000000,0x00000000eefb1a68,0x00000000ef080000)
  from space 20480K, 48% used [0x00000000ef080000,0x00000000efa409d8,0x00000000f0480000)
  to   space 19456K, 0% used [0x00000000f3b80000,0x00000000f3b80000,0x00000000f4e80000)
 ParOldGen       total 122368K, used 34672K [0x00000000a0000000, 0x00000000a7780000, 0x00000000e0000000)
  object space 122368K, 28% used [0x00000000a0000000,0x00000000a21dc158,0x00000000a7780000)
 Metaspace       used 63133K, capacity 65486K, committed 65792K, reserved 1105920K
  class space    used 8366K, capacity 8862K, committed 8960K, reserved 1048576K
Event: 342.274 GC heap after
Heap after GC invocations=15 (full 3):
 PSYoungGen      total 306176K, used 10446K [0x00000000e0000000, 0x00000000f4600000, 0x0000000100000000)
  eden space 295424K, 0% used [0x00000000e0000000,0x00000000e0000000,0x00000000f2080000)
  from space 10752K, 97% used [0x00000000f3b80000,0x00000000f45b3a10,0x00000000f4600000)
  to   space 18944K, 0% used [0x00000000f2100000,0x00000000f2100000,0x00000000f3380000)
 ParOldGen       total 122368K, used 34672K [0x00000000a0000000, 0x00000000a7780000, 0x00000000e0000000)
  object space 122368K, 28% used [0x00000000a0000000,0x00000000a21dc158,0x00000000a7780000)
 Metaspace       used 63133K, capacity 65486K, committed 65792K, reserved 1105920K
  class space    used 8366K, capacity 8862K, committed 8960K, reserved 1048576K
}
Event: 1180.786 GC heap before
{Heap before GC invocations=16 (full 3):
 PSYoungGen      total 306176K, used 305870K [0x00000000e0000000, 0x00000000f4600000, 0x0000000100000000)
  eden space 295424K, 100% used [0x00000000e0000000,0x00000000f2080000,0x00000000f2080000)
  from space 10752K, 97% used [0x00000000f3b80000,0x00000000f45b3a10,0x00000000f4600000)
  to   space 18944K, 0% used [0x00000000f2100000,0x00000000f2100000,0x00000000f3380000)
 ParOldGen       total 122368K, used 34672K [0x00000000a0000000, 0x00000000a7780000, 0x00000000e0000000)
  object space 122368K, 28% used [0x00000000a0000000,0x00000000a21dc158,0x00000000a7780000)
 Metaspace       used 63755K, capacity 66268K, committed 66304K, reserved 1105920K
  class space    used 8401K, capacity 8925K, committed 8960K, reserved 1048576K
Event: 1180.801 GC heap after
Heap after GC invocations=16 (full 3):
 PSYoungGen      total 314880K, used 10052K [0x00000000e0000000, 0x00000000f7300000, 0x0000000100000000)
  eden space 295936K, 0% used [0x00000000e0000000,0x00000000e0000000,0x00000000f2100000)
  from space 18944K, 53% used [0x00000000f2100000,0x00000000f2ad10e0,0x00000000f3380000)
  to   space 17920K, 0% used [0x00000000f6180000,0x00000000f6180000,0x00000000f7300000)
 ParOldGen       total 122368K, used 34680K [0x00000000a0000000, 0x00000000a7780000, 0x00000000e0000000)
  object space 122368K, 28% used [0x00000000a0000000,0x00000000a21de158,0x00000000a7780000)
 Metaspace       used 63755K, capacity 66268K, committed 66304K, reserved 1105920K
  class space    used 8401K, capacity 8925K, committed 8960K, reserved 1048576K
}
Event: 1184.145 GC heap before
{Heap before GC invocations=17 (full 3):
 PSYoungGen      total 314880K, used 305988K [0x00000000e0000000, 0x00000000f7300000, 0x0000000100000000)
  eden space 295936K, 100% used [0x00000000e0000000,0x00000000f2100000,0x00000000f2100000)
  from space 18944K, 53% used [0x00000000f2100000,0x00000000f2ad10e0,0x00000000f3380000)
  to   space 17920K, 0% used [0x00000000f6180000,0x00000000f6180000,0x00000000f7300000)
 ParOldGen       total 122368K, used 34680K [0x00000000a0000000, 0x00000000a7780000, 0x00000000e0000000)
  object space 122368K, 28% used [0x00000000a0000000,0x00000000a21de158,0x00000000a7780000)
 Metaspace       used 64728K, capacity 67352K, committed 67456K, reserved 1107968K
  class space    used 8495K, capacity 9023K, committed 9088K, reserved 1048576K
Event: 1184.157 GC heap after
Heap after GC invocations=17 (full 3):
 PSYoungGen      total 348672K, used 10167K [0x00000000e0000000, 0x00000000f6c00000, 0x0000000100000000)
  eden space 337920K, 0% used [0x00000000e0000000,0x00000000e0000000,0x00000000f4a00000)
  from space 10752K, 94% used [0x00000000f6180000,0x00000000f6b6dc60,0x00000000f6c00000)
  to   space 17408K, 0% used [0x00000000f4a00000,0x00000000f4a00000,0x00000000f5b00000)
 ParOldGen       total 122368K, used 34688K [0x00000000a0000000, 0x00000000a7780000, 0x00000000e0000000)
  object space 122368K, 28% used [0x00000000a0000000,0x00000000a21e0158,0x00000000a7780000)
 Metaspace       used 64728K, capacity 67352K, committed 67456K, reserved 1107968K
  class space    used 8495K, capacity 9023K, committed 9088K, reserved 1048576K
}
Event: 1187.473 GC heap before
{Heap before GC invocations=18 (full 3):
 PSYoungGen      total 348672K, used 348087K [0x00000000e0000000, 0x00000000f6c00000, 0x0000000100000000)
  eden space 337920K, 100% used [0x00000000e0000000,0x00000000f4a00000,0x00000000f4a00000)
  from space 10752K, 94% used [0x00000000f6180000,0x00000000f6b6dc60,0x00000000f6c00000)
  to   space 17408K, 0% used [0x00000000f4a00000,0x00000000f4a00000,0x00000000f5b00000)
 ParOldGen       total 122368K, used 34688K [0x00000000a0000000, 0x00000000a7780000, 0x00000000e0000000)
  object space 122368K, 28% used [0x00000000a0000000,0x00000000a21e0158,0x00000000a7780000)
 Metaspace       used 73763K, capacity 77572K, committed 77824K, reserved 1116160K
  class space    used 9677K, capacity 10397K, committed 10496K, reserved 1048576K
Event: 1187.525 GC heap after
Heap after GC invocations=18 (full 3):
 PSYoungGen      total 355328K, used 17400K [0x00000000e0000000, 0x00000000f6c00000, 0x0000000100000000)
  eden space 337920K, 0% used [0x00000000e0000000,0x00000000e0000000,0x00000000f4a00000)
  from space 17408K, 99% used [0x00000000f4a00000,0x00000000f5afe2a8,0x00000000f5b00000)
  to   space 10752K, 0% used [0x00000000f6180000,0x00000000f6180000,0x00000000f6c00000)
 ParOldGen       total 122368K, used 55288K [0x00000000a0000000, 0x00000000a7780000, 0x00000000e0000000)
  object space 122368K, 45% used [0x00000000a0000000,0x00000000a35fe288,0x00000000a7780000)
 Metaspace       used 73763K, capacity 77572K, committed 77824K, reserved 1116160K
  class space    used 9677K, capacity 10397K, committed 10496K, reserved 1048576K
}

