# JRE version: OpenJDK Runtime Environment (8.0_152-b06) (build 1.8.0_152-release-1136-b06)
# Java VM: OpenJDK 64-Bit Server VM (25.152-b06 mixed mode windows-amd64 compressed oops)
Heap:
 PSYoungGen      total 308736K, used 864K [0x00000000e0000000, 0x00000000f4c00000, 0x0000000100000000)
  eden space 305152K, 0% used [0x00000000e0000000,0x00000000e0000000,0x00000000f2a00000)
  from space 3584K, 24% used [0x00000000f4880000,0x00000000f4958010,0x00000000f4c00000)
  to   space 17408K, 0% used [0x00000000f2a00000,0x00000000f2a00000,0x00000000f3b00000)
 ParOldGen       total 100352K, used 19618K [0x00000000a0000000, 0x00000000a6200000, 0x00000000e0000000)
  object space 100352K, 19% used [0x00000000a0000000,0x00000000a1328a20,0x00000000a6200000)
 Metaspace       used 34980K, capacity 35604K, committed 35928K, reserved 1081344K
  class space    used 4750K, capacity 4945K, committed 4992K, reserved 1048576K
GC Heap History (10 events):
Event: 3.917 GC heap after
Heap after GC invocations=5 (full 1):
 PSYoungGen      total 138240K, used 0K [0x00000000e0000000, 0x00000000e8c00000, 0x0000000100000000)
  eden space 133120K, 0% used [0x00000000e0000000,0x00000000e0000000,0x00000000e8200000)
  from space 5120K, 0% used [0x00000000e8700000,0x00000000e8700000,0x00000000e8c00000)
  to   space 5120K, 0% used [0x00000000e8200000,0x00000000e8200000,0x00000000e8700000)
 ParOldGen       total 63488K, used 10189K [0x00000000a0000000, 0x00000000a3e00000, 0x00000000e0000000)
  object space 63488K, 16% used [0x00000000a0000000,0x00000000a09f36c0,0x00000000a3e00000)
 Metaspace       used 20805K, capacity 21200K, committed 21248K, reserved 1067008K
  class space    used 2901K, capacity 3038K, committed 3072K, reserved 1048576K
}
Event: 5.754 GC heap before
{Heap before GC invocations=6 (full 1):
 PSYoungGen      total 138240K, used 133120K [0x00000000e0000000, 0x00000000e8c00000, 0x0000000100000000)
  eden space 133120K, 100% used [0x00000000e0000000,0x00000000e8200000,0x00000000e8200000)
  from space 5120K, 0% used [0x00000000e8700000,0x00000000e8700000,0x00000000e8c00000)
  to   space 5120K, 0% used [0x00000000e8200000,0x00000000e8200000,0x00000000e8700000)
 ParOldGen       total 63488K, used 10189K [0x00000000a0000000, 0x00000000a3e00000, 0x00000000e0000000)
  object space 63488K, 16% used [0x00000000a0000000,0x00000000a09f36c0,0x00000000a3e00000)
 Metaspace       used 28586K, capacity 29034K, committed 29184K, reserved 1075200K
  class space    used 3913K, capacity 4084K, committed 4096K, reserved 1048576K
Event: 5.765 GC heap after
Heap after GC invocations=6 (full 1):
 PSYoungGen      total 138240K, used 5104K [0x00000000e0000000, 0x00000000ee900000, 0x0000000100000000)
  eden space 133120K, 0% used [0x00000000e0000000,0x00000000e0000000,0x00000000e8200000)
  from space 5120K, 99% used [0x00000000e8200000,0x00000000e86fc040,0x00000000e8700000)
  to   space 14848K, 0% used [0x00000000eda80000,0x00000000eda80000,0x00000000ee900000)
 ParOldGen       total 63488K, used 17810K [0x00000000a0000000, 0x00000000a3e00000, 0x00000000e0000000)
  object space 63488K, 28% used [0x00000000a0000000,0x00000000a1164af0,0x00000000a3e00000)
 Metaspace       used 28586K, capacity 29034K, committed 29184K, reserved 1075200K
  class space    used 3913K, capacity 4084K, committed 4096K, reserved 1048576K
}
Event: 7.355 GC heap before
{Heap before GC invocations=7 (full 1):
 PSYoungGen      total 138240K, used 138224K [0x00000000e0000000, 0x00000000ee900000, 0x0000000100000000)
  eden space 133120K, 100% used [0x00000000e0000000,0x00000000e8200000,0x00000000e8200000)
  from space 5120K, 99% used [0x00000000e8200000,0x00000000e86fc040,0x00000000e8700000)
  to   space 14848K, 0% used [0x00000000eda80000,0x00000000eda80000,0x00000000ee900000)
 ParOldGen       total 63488K, used 17810K [0x00000000a0000000, 0x00000000a3e00000, 0x00000000e0000000)
  object space 63488K, 28% used [0x00000000a0000000,0x00000000a1164af0,0x00000000a3e00000)
 Metaspace       used 28613K, capacity 29098K, committed 29184K, reserved 1075200K
  class space    used 3917K, capacity 4084K, committed 4096K, reserved 1048576K
Event: 7.368 GC heap after
Heap after GC invocations=7 (full 1):
 PSYoungGen      total 216576K, used 10112K [0x00000000e0000000, 0x00000000ee580000, 0x0000000100000000)
  eden space 205312K, 0% used [0x00000000e0000000,0x00000000e0000000,0x00000000ec880000)
  from space 11264K, 89% used [0x00000000eda80000,0x00000000ee460050,0x00000000ee580000)
  to   space 14848K, 0% used [0x00000000ec880000,0x00000000ec880000,0x00000000ed700000)
 ParOldGen       total 63488K, used 17818K [0x00000000a0000000, 0x00000000a3e00000, 0x00000000e0000000)
  object space 63488K, 28% used [0x00000000a0000000,0x00000000a1166af0,0x00000000a3e00000)
 Metaspace       used 28613K, capacity 29098K, committed 29184K, reserved 1075200K
  class space    used 3917K, capacity 4084K, committed 4096K, reserved 1048576K
}
Event: 9.563 GC heap before
{Heap before GC invocations=8 (full 1):
 PSYoungGen      total 216576K, used 160278K [0x00000000e0000000, 0x00000000ee580000, 0x0000000100000000)
  eden space 205312K, 73% used [0x00000000e0000000,0x00000000e92a5a88,0x00000000ec880000)
  from space 11264K, 89% used [0x00000000eda80000,0x00000000ee460050,0x00000000ee580000)
  to   space 14848K, 0% used [0x00000000ec880000,0x00000000ec880000,0x00000000ed700000)
 ParOldGen       total 63488K, used 17818K [0x00000000a0000000, 0x00000000a3e00000, 0x00000000e0000000)
  object space 63488K, 28% used [0x00000000a0000000,0x00000000a1166af0,0x00000000a3e00000)
 Metaspace       used 34652K, capacity 35330K, committed 35416K, reserved 1079296K
  class space    used 4730K, capacity 4961K, committed 4992K, reserved 1048576K
Event: 9.598 GC heap after
Heap after GC invocations=8 (full 1):
 PSYoungGen      total 220160K, used 13877K [0x00000000e0000000, 0x00000000f5900000, 0x0000000100000000)
  eden space 205312K, 0% used [0x00000000e0000000,0x00000000e0000000,0x00000000ec880000)
  from space 14848K, 93% used [0x00000000ec880000,0x00000000ed60d4d8,0x00000000ed700000)
  to   space 16896K, 0% used [0x00000000f4880000,0x00000000f4880000,0x00000000f5900000)
 ParOldGen       total 63488K, used 17826K [0x00000000a0000000, 0x00000000a3e00000, 0x00000000e0000000)
  object space 63488K, 28% used [0x00000000a0000000,0x00000000a1168af0,0x00000000a3e00000)
 Metaspace       used 34652K, capacity 35330K, committed 35416K, reserved 1079296K
  class space    used 4730K, capacity 4961K, committed 4992K, reserved 1048576K
}
Event: 9.598 GC heap before
{Heap before GC invocations=9 (full 2):
 PSYoungGen      total 220160K, used 13877K [0x00000000e0000000, 0x00000000f5900000, 0x0000000100000000)
  eden space 205312K, 0% used [0x00000000e0000000,0x00000000e0000000,0x00000000ec880000)
  from space 14848K, 93% used [0x00000000ec880000,0x00000000ed60d4d8,0x00000000ed700000)
  to   space 16896K, 0% used [0x00000000f4880000,0x00000000f4880000,0x00000000f5900000)
 ParOldGen       total 63488K, used 17826K [0x00000000a0000000, 0x00000000a3e00000, 0x00000000e0000000)
  object space 63488K, 28% used [0x00000000a0000000,0x00000000a1168af0,0x00000000a3e00000)
 Metaspace       used 34652K, capacity 35330K, committed 35416K, reserved 1079296K
  class space    used 4730K, capacity 4961K, committed 4992K, reserved 1048576K
Event: 9.711 GC heap after
Heap after GC invocations=9 (full 2):
 PSYoungGen      total 220160K, used 0K [0x00000000e0000000, 0x00000000f5900000, 0x0000000100000000)
  eden space 205312K, 0% used [0x00000000e0000000,0x00000000e0000000,0x00000000ec880000)
  from space 14848K, 0% used [0x00000000ec880000,0x00000000ec880000,0x00000000ed700000)
  to   space 16896K, 0% used [0x00000000f4880000,0x00000000f4880000,0x00000000f5900000)
 ParOldGen       total 100352K, used 19610K [0x00000000a0000000, 0x00000000a6200000, 0x00000000e0000000)
  object space 100352K, 19% used [0x00000000a0000000,0x00000000a1326a20,0x00000000a6200000)
 Metaspace       used 34582K, capacity 35174K, committed 35416K, reserved 1079296K
  class space    used 4710K, capacity 4909K, committed 4992K, reserved 1048576K
}
Event: 9.766 GC heap before
{Heap before GC invocations=10 (full 2):
 PSYoungGen      total 220160K, used 3820K [0x00000000e0000000, 0x00000000f5900000, 0x0000000100000000)
  eden space 205312K, 1% used [0x00000000e0000000,0x00000000e03bb150,0x00000000ec880000)
  from space 14848K, 0% used [0x00000000ec880000,0x00000000ec880000,0x00000000ed700000)
  to   space 16896K, 0% used [0x00000000f4880000,0x00000000f4880000,0x00000000f5900000)
 ParOldGen       total 100352K, used 19610K [0x00000000a0000000, 0x00000000a6200000, 0x00000000e0000000)
  object space 100352K, 19% used [0x00000000a0000000,0x00000000a1326a20,0x00000000a6200000)
 Metaspace       used 34980K, capacity 35604K, committed 35928K, reserved 1081344K
  class space    used 4750K, capacity 4945K, committed 4992K, reserved 1048576K

